# JRE version: OpenJDK Runtime Environment Temurin-17.0.10+7 (17.0.10+7) (build 17.0.10+7)
# Java VM: OpenJDK 64-Bit Server VM Temurin-17.0.10+7 (17.0.10+7, mixed mode, emulated-client, tiered, compressed oops, compressed class ptrs, g1 gc, windows-amd64)
GC Precious Log:
 CPUs: 12 total, 12 available
 Memory: 7598M
 Large Page Support: Disabled
 NUMA Support: Disabled
 Compressed Oops: Enabled (32-bit)
 Heap Region Size: 1M
 Heap Min Capacity: 8M
 Heap Initial Capacity: 120M
 Heap Max Capacity: 1G
 Pre-touch: Disabled
 Parallel Workers: 10
 Concurrent Workers: 3
 Concurrent Refinement Workers: 10
 Periodic GC: Disabled
Heap:
 garbage-first heap   total 91136K, used 29075K [0x00000000c0000000, 0x0000000100000000)
  region size 1024K, 1 young (1024K), 0 survivors (0K)
 Metaspace       used 57407K, committed 58112K, reserved 1114112K
  class space    used 7095K, committed 7360K, reserved 1048576K
GC Heap History (20 events):
Event: 2007.612 GC heap before
{Heap before GC invocations=205 (full 191):
 garbage-first heap   total 91136K, used 29075K [0x00000000c0000000, 0x0000000100000000)
  region size 1024K, 1 young (1024K), 0 survivors (0K)
 Metaspace       used 57407K, committed 58112K, reserved 1114112K
  class space    used 7095K, committed 7360K, reserved 1048576K
}
Event: 2007.635 GC heap after
{Heap after GC invocations=206 (full 192):
 garbage-first heap   total 91136K, used 29075K [0x00000000c0000000, 0x0000000100000000)
  region size 1024K, 0 young (0K), 0 survivors (0K)
 Metaspace       used 57407K, committed 58112K, reserved 1114112K
  class space    used 7095K, committed 7360K, reserved 1048576K
}
Event: 2017.792 GC heap before
{Heap before GC invocations=206 (full 192):
 garbage-first heap   total 91136K, used 29075K [0x00000000c0000000, 0x0000000100000000)
  region size 1024K, 1 young (1024K), 0 survivors (0K)
 Metaspace       used 57407K, committed 58112K, reserved 1114112K
  class space    used 7095K, committed 7360K, reserved 1048576K
}
Event: 2017.815 GC heap after
{Heap after GC invocations=207 (full 193):
 garbage-first heap   total 91136K, used 29075K [0x00000000c0000000, 0x0000000100000000)
  region size 1024K, 0 young (0K), 0 survivors (0K)
 Metaspace       used 57407K, committed 58112K, reserved 1114112K
  class space    used 7095K, committed 7360K, reserved 1048576K
}
Event: 2027.981 GC heap before
{Heap before GC invocations=207 (full 193):
 garbage-first heap   total 91136K, used 29075K [0x00000000c0000000, 0x0000000100000000)
  region size 1024K, 1 young (1024K), 0 survivors (0K)
 Metaspace       used 57407K, committed 58112K, reserved 1114112K
  class space    used 7095K, committed 7360K, reserved 1048576K
}
Event: 2028.004 GC heap after
{Heap after GC invocations=208 (full 194):
 garbage-first heap   total 91136K, used 29075K [0x00000000c0000000, 0x0000000100000000)
  region size 1024K, 0 young (0K), 0 survivors (0K)
 Metaspace       used 57407K, committed 58112K, reserved 1114112K
  class space    used 7095K, committed 7360K, reserved 1048576K
}
Event: 2038.154 GC heap before
{Heap before GC invocations=208 (full 194):
 garbage-first heap   total 91136K, used 29075K [0x00000000c0000000, 0x0000000100000000)
  region size 1024K, 1 young (1024K), 0 survivors (0K)
 Metaspace       used 57407K, committed 58112K, reserved 1114112K
  class space    used 7095K, committed 7360K, reserved 1048576K
}
Event: 2038.176 GC heap after
{Heap after GC invocations=209 (full 195):
 garbage-first heap   total 91136K, used 29075K [0x00000000c0000000, 0x0000000100000000)
  region size 1024K, 0 young (0K), 0 survivors (0K)
 Metaspace       used 57407K, committed 58112K, reserved 1114112K
  class space    used 7095K, committed 7360K, reserved 1048576K
}
Event: 2048.628 GC heap before
{Heap before GC invocations=209 (full 195):
 garbage-first heap   total 91136K, used 29075K [0x00000000c0000000, 0x0000000100000000)
  region size 1024K, 1 young (1024K), 0 survivors (0K)
 Metaspace       used 57407K, committed 58112K, reserved 1114112K
  class space    used 7095K, committed 7360K, reserved 1048576K
}
Event: 2048.669 GC heap after
{Heap after GC invocations=210 (full 196):
 garbage-first heap   total 91136K, used 29075K [0x00000000c0000000, 0x0000000100000000)
  region size 1024K, 0 young (0K), 0 survivors (0K)
 Metaspace       used 57407K, committed 58112K, reserved 1114112K
  class space    used 7095K, committed 7360K, reserved 1048576K
}
Event: 2058.912 GC heap before
{Heap before GC invocations=210 (full 196):
 garbage-first heap   total 91136K, used 29075K [0x00000000c0000000, 0x0000000100000000)
  region size 1024K, 1 young (1024K), 0 survivors (0K)
 Metaspace       used 57407K, committed 58112K, reserved 1114112K
  class space    used 7095K, committed 7360K, reserved 1048576K
}
Event: 2058.937 GC heap after
{Heap after GC invocations=211 (full 197):
 garbage-first heap   total 91136K, used 29075K [0x00000000c0000000, 0x0000000100000000)
  region size 1024K, 0 young (0K), 0 survivors (0K)
 Metaspace       used 57407K, committed 58112K, reserved 1114112K
  class space    used 7095K, committed 7360K, reserved 1048576K
}
Event: 2069.278 GC heap before
{Heap before GC invocations=211 (full 197):
 garbage-first heap   total 91136K, used 29075K [0x00000000c0000000, 0x0000000100000000)
  region size 1024K, 1 young (1024K), 0 survivors (0K)
 Metaspace       used 57407K, committed 58112K, reserved 1114112K
  class space    used 7095K, committed 7360K, reserved 1048576K
}
Event: 2069.318 GC heap after
{Heap after GC invocations=212 (full 198):
 garbage-first heap   total 91136K, used 29075K [0x00000000c0000000, 0x0000000100000000)
  region size 1024K, 0 young (0K), 0 survivors (0K)
 Metaspace       used 57407K, committed 58112K, reserved 1114112K
  class space    used 7095K, committed 7360K, reserved 1048576K
}
Event: 2079.534 GC heap before
{Heap before GC invocations=212 (full 198):
 garbage-first heap   total 91136K, used 29075K [0x00000000c0000000, 0x0000000100000000)
  region size 1024K, 1 young (1024K), 0 survivors (0K)
 Metaspace       used 57407K, committed 58112K, reserved 1114112K
  class space    used 7095K, committed 7360K, reserved 1048576K
}
Event: 2079.559 GC heap after
{Heap after GC invocations=213 (full 199):
 garbage-first heap   total 91136K, used 29075K [0x00000000c0000000, 0x0000000100000000)
  region size 1024K, 0 young (0K), 0 survivors (0K)
 Metaspace       used 57407K, committed 58112K, reserved 1114112K
  class space    used 7095K, committed 7360K, reserved 1048576K
}
Event: 2089.790 GC heap before
{Heap before GC invocations=213 (full 199):
 garbage-first heap   total 91136K, used 29075K [0x00000000c0000000, 0x0000000100000000)
  region size 1024K, 1 young (1024K), 0 survivors (0K)
 Metaspace       used 57407K, committed 58112K, reserved 1114112K
  class space    used 7095K, committed 7360K, reserved 1048576K
}
Event: 2089.814 GC heap after
{Heap after GC invocations=214 (full 200):
 garbage-first heap   total 91136K, used 29075K [0x00000000c0000000, 0x0000000100000000)
  region size 1024K, 0 young (0K), 0 survivors (0K)
 Metaspace       used 57407K, committed 58112K, reserved 1114112K
  class space    used 7095K, committed 7360K, reserved 1048576K
}
Event: 2100.022 GC heap before
{Heap before GC invocations=214 (full 200):
 garbage-first heap   total 91136K, used 29075K [0x00000000c0000000, 0x0000000100000000)
  region size 1024K, 1 young (1024K), 0 survivors (0K)
 Metaspace       used 57407K, committed 58112K, reserved 1114112K
  class space    used 7095K, committed 7360K, reserved 1048576K
}
Event: 2100.050 GC heap after
{Heap after GC invocations=215 (full 201):
 garbage-first heap   total 91136K, used 29075K [0x00000000c0000000, 0x0000000100000000)
  region size 1024K, 0 young (0K), 0 survivors (0K)
 Metaspace       used 57407K, committed 58112K, reserved 1114112K
  class space    used 7095K, committed 7360K, reserved 1048576K
}

